# JRE version: Java(TM) SE Runtime Environment (18.0.1+10) (build 18.0.1+10-24)
# Java VM: Java HotSpot(TM) 64-Bit Server VM (18.0.1+10-24, mixed mode, sharing, tiered, compressed oops, compressed class ptrs, g1 gc, windows-amd64)
GC Precious Log:
 CardTable entry size: 512
 Card Set container configuration: InlinePtr #cards 4 size 8 Array Of Cards #cards 16 size 48 Howl #buckets 8 coarsen threshold 3686 Howl Bitmap #cards 512 size 80 coarsen threshold 460 Card regions per heap region 1 cards per card region 4096
 CPUs: 20 total, 20 available
 Memory: 16055M
 Large Page Support: Disabled
 NUMA Support: Disabled
 Compressed Oops: Enabled (Zero based)
 Heap Region Size: 2M
 Heap Min Capacity: 8M
 Heap Initial Capacity: 252M
 Heap Max Capacity: 4014M
 Pre-touch: Disabled
 Parallel Workers: 15
 Concurrent Workers: 4
 Concurrent Refinement Workers: 15
 Periodic GC: Disabled
Heap:
 garbage-first heap   total 258048K, used 44118K [0x00000004d8c00000, 0x00000005d3a00000)
  region size 2048K, 23 young (47104K), 2 survivors (4096K)
 Metaspace       used 6891K, committed 7040K, reserved 1114112K
  class space    used 327K, committed 384K, reserved 1048576K
GC Heap History (14 events):
Event: 1.719 GC heap before
{Heap before GC invocations=0 (full 0):
 garbage-first heap   total 258048K, used 20480K [0x00000004d8c00000, 0x00000005d3a00000)
  region size 2048K, 11 young (22528K), 0 survivors (0K)
 Metaspace       used 6864K, committed 7040K, reserved 1114112K
  class space    used 326K, committed 384K, reserved 1048576K
}
Event: 1.725 GC heap after
{Heap after GC invocations=1 (full 0):
 garbage-first heap   total 258048K, used 3168K [0x00000004d8c00000, 0x00000005d3a00000)
  region size 2048K, 2 young (4096K), 2 survivors (4096K)
 Metaspace       used 6864K, committed 7040K, reserved 1114112K
  class space    used 326K, committed 384K, reserved 1048576K
}
Event: 13.194 GC heap before
{Heap before GC invocations=1 (full 0):
 garbage-first heap   total 258048K, used 37984K [0x00000004d8c00000, 0x00000005d3a00000)
  region size 2048K, 19 young (38912K), 2 survivors (4096K)
 Metaspace       used 6883K, committed 7040K, reserved 1114112K
  class space    used 326K, committed 384K, reserved 1048576K
}
Event: 13.200 GC heap after
{Heap after GC invocations=2 (full 0):
 garbage-first heap   total 258048K, used 3214K [0x00000004d8c00000, 0x00000005d3a00000)
  region size 2048K, 2 young (4096K), 2 survivors (4096K)
 Metaspace       used 6883K, committed 7040K, reserved 1114112K
  class space    used 326K, committed 384K, reserved 1048576K
}
Event: 78.142 GC heap before
{Heap before GC invocations=2 (full 0):
 garbage-first heap   total 258048K, used 152718K [0x00000004d8c00000, 0x00000005d3a00000)
  region size 2048K, 75 young (153600K), 2 survivors (4096K)
 Metaspace       used 6883K, committed 7040K, reserved 1114112K
  class space    used 326K, committed 384K, reserved 1048576K
}
Event: 78.148 GC heap after
{Heap after GC invocations=3 (full 0):
 garbage-first heap   total 258048K, used 3213K [0x00000004d8c00000, 0x00000005d3a00000)
  region size 2048K, 2 young (4096K), 2 survivors (4096K)
 Metaspace       used 6883K, committed 7040K, reserved 1114112K
  class space    used 326K, committed 384K, reserved 1048576K
}
Event: 162.199 GC heap before
{Heap before GC invocations=3 (full 0):
 garbage-first heap   total 258048K, used 152717K [0x00000004d8c00000, 0x00000005d3a00000)
  region size 2048K, 75 young (153600K), 2 survivors (4096K)
 Metaspace       used 6884K, committed 7040K, reserved 1114112K
  class space    used 326K, committed 384K, reserved 1048576K
}
Event: 162.203 GC heap after
{Heap after GC invocations=4 (full 0):
 garbage-first heap   total 258048K, used 3212K [0x00000004d8c00000, 0x00000005d3a00000)
  region size 2048K, 2 young (4096K), 2 survivors (4096K)
 Metaspace       used 6884K, committed 7040K, reserved 1114112K
  class space    used 326K, committed 384K, reserved 1048576K
}
Event: 246.259 GC heap before
{Heap before GC invocations=4 (full 0):
 garbage-first heap   total 258048K, used 152716K [0x00000004d8c00000, 0x00000005d3a00000)
  region size 2048K, 75 young (153600K), 2 survivors (4096K)
 Metaspace       used 6885K, committed 7040K, reserved 1114112K
  class space    used 326K, committed 384K, reserved 1048576K
}
Event: 246.265 GC heap after
{Heap after GC invocations=5 (full 0):
 garbage-first heap   total 258048K, used 3059K [0x00000004d8c00000, 0x00000005d3a00000)
  region size 2048K, 2 young (4096K), 2 survivors (4096K)
 Metaspace       used 6885K, committed 7040K, reserved 1114112K
  class space    used 326K, committed 384K, reserved 1048576K
}
Event: 330.366 GC heap before
{Heap before GC invocations=5 (full 0):
 garbage-first heap   total 258048K, used 152563K [0x00000004d8c00000, 0x00000005d3a00000)
  region size 2048K, 75 young (153600K), 2 survivors (4096K)
 Metaspace       used 6888K, committed 7040K, reserved 1114112K
  class space    used 326K, committed 384K, reserved 1048576K
}
Event: 330.372 GC heap after
{Heap after GC invocations=6 (full 0):
 garbage-first heap   total 258048K, used 3156K [0x00000004d8c00000, 0x00000005d3a00000)
  region size 2048K, 2 young (4096K), 2 survivors (4096K)
 Metaspace       used 6888K, committed 7040K, reserved 1114112K
  class space    used 326K, committed 384K, reserved 1048576K
}
Event: 414.658 GC heap before
{Heap before GC invocations=6 (full 0):
 garbage-first heap   total 258048K, used 152660K [0x00000004d8c00000, 0x00000005d3a00000)
  region size 2048K, 75 young (153600K), 2 survivors (4096K)
 Metaspace       used 6888K, committed 7040K, reserved 1114112K
  class space    used 326K, committed 384K, reserved 1048576K
}
Event: 414.660 GC heap after
{Heap after GC invocations=7 (full 0):
 garbage-first heap   total 258048K, used 3158K [0x00000004d8c00000, 0x00000005d3a00000)
  region size 2048K, 2 young (4096K), 2 survivors (4096K)
 Metaspace       used 6888K, committed 7040K, reserved 1114112K
  class space    used 326K, committed 384K, reserved 1048576K
}

